<?xml version="1.0" encoding="UTF-8"?>
<testsuite xmlns:xsi="http://www.w3.org/2001/XMLSchema-instance" xsi:noNamespaceSchemaLocation="https://maven.apache.org/surefire/maven-surefire-plugin/xsd/surefire-test-report.xsd" name="com.Airlines.qa.testCases.WelcomePageTest" time="0.359" tests="21" errors="0" skipped="20" failures="1">
  <properties>
    <property name="gopherProxySet" value="false"/>
    <property name="awt.toolkit" value="sun.lwawt.macosx.LWCToolkit"/>
    <property name="file.encoding.pkg" value="sun.io"/>
    <property name="java.specification.version" value="1.8"/>
    <property name="sun.cpu.isalist" value=""/>
    <property name="sun.jnu.encoding" value="UTF-8"/>
    <property name="java.class.path" value="/Users/pavani.jagu/eclipse-workspace/MarsAirlines/target/test-classes:/Users/pavani.jagu/eclipse-workspace/MarsAirlines/target/classes:/Users/pavani.jagu/.m2/repository/junit/junit/4.11/junit-4.11.jar:/Users/pavani.jagu/.m2/repository/org/hamcrest/hamcrest-core/1.3/hamcrest-core-1.3.jar:/Users/pavani.jagu/.m2/repository/org/seleniumhq/selenium/selenium-java/3.141.59/selenium-java-3.141.59.jar:/Users/pavani.jagu/.m2/repository/org/seleniumhq/selenium/selenium-api/3.141.59/selenium-api-3.141.59.jar:/Users/pavani.jagu/.m2/repository/org/seleniumhq/selenium/selenium-chrome-driver/3.141.59/selenium-chrome-driver-3.141.59.jar:/Users/pavani.jagu/.m2/repository/org/seleniumhq/selenium/selenium-edge-driver/3.141.59/selenium-edge-driver-3.141.59.jar:/Users/pavani.jagu/.m2/repository/org/seleniumhq/selenium/selenium-firefox-driver/3.141.59/selenium-firefox-driver-3.141.59.jar:/Users/pavani.jagu/.m2/repository/org/seleniumhq/selenium/selenium-ie-driver/3.141.59/selenium-ie-driver-3.141.59.jar:/Users/pavani.jagu/.m2/repository/org/seleniumhq/selenium/selenium-opera-driver/3.141.59/selenium-opera-driver-3.141.59.jar:/Users/pavani.jagu/.m2/repository/org/seleniumhq/selenium/selenium-remote-driver/3.141.59/selenium-remote-driver-3.141.59.jar:/Users/pavani.jagu/.m2/repository/org/seleniumhq/selenium/selenium-safari-driver/3.141.59/selenium-safari-driver-3.141.59.jar:/Users/pavani.jagu/.m2/repository/org/seleniumhq/selenium/selenium-support/3.141.59/selenium-support-3.141.59.jar:/Users/pavani.jagu/.m2/repository/net/bytebuddy/byte-buddy/1.8.15/byte-buddy-1.8.15.jar:/Users/pavani.jagu/.m2/repository/org/apache/commons/commons-exec/1.3/commons-exec-1.3.jar:/Users/pavani.jagu/.m2/repository/com/google/guava/guava/25.0-jre/guava-25.0-jre.jar:/Users/pavani.jagu/.m2/repository/com/google/code/findbugs/jsr305/1.3.9/jsr305-1.3.9.jar:/Users/pavani.jagu/.m2/repository/org/checkerframework/checker-compat-qual/2.0.0/checker-compat-qual-2.0.0.jar:/Users/pavani.jagu/.m2/repository/com/google/errorprone/error_prone_annotations/2.1.3/error_prone_annotations-2.1.3.jar:/Users/pavani.jagu/.m2/repository/com/google/j2objc/j2objc-annotations/1.1/j2objc-annotations-1.1.jar:/Users/pavani.jagu/.m2/repository/org/codehaus/mojo/animal-sniffer-annotations/1.14/animal-sniffer-annotations-1.14.jar:/Users/pavani.jagu/.m2/repository/com/squareup/okhttp3/okhttp/3.11.0/okhttp-3.11.0.jar:/Users/pavani.jagu/.m2/repository/com/squareup/okio/okio/1.14.0/okio-1.14.0.jar:/Users/pavani.jagu/.m2/repository/org/testng/testng/6.14.3/testng-6.14.3.jar:/Users/pavani.jagu/.m2/repository/com/beust/jcommander/1.72/jcommander-1.72.jar:/Users/pavani.jagu/.m2/repository/org/apache-extras/beanshell/bsh/2.0b6/bsh-2.0b6.jar:/Users/pavani.jagu/.m2/repository/org/apache/poi/poi/4.1.1/poi-4.1.1.jar:/Users/pavani.jagu/.m2/repository/commons-codec/commons-codec/1.13/commons-codec-1.13.jar:/Users/pavani.jagu/.m2/repository/org/apache/commons/commons-collections4/4.4/commons-collections4-4.4.jar:/Users/pavani.jagu/.m2/repository/org/apache/commons/commons-math3/3.6.1/commons-math3-3.6.1.jar:/Users/pavani.jagu/.m2/repository/org/apache/poi/poi-ooxml/4.1.0/poi-ooxml-4.1.0.jar:/Users/pavani.jagu/.m2/repository/org/apache/commons/commons-compress/1.18/commons-compress-1.18.jar:/Users/pavani.jagu/.m2/repository/com/github/virtuald/curvesapi/1.06/curvesapi-1.06.jar:/Users/pavani.jagu/.m2/repository/org/apache/poi/poi-ooxml-schemas/4.1.0/poi-ooxml-schemas-4.1.0.jar:/Users/pavani.jagu/.m2/repository/org/apache/xmlbeans/xmlbeans/3.1.0/xmlbeans-3.1.0.jar:/Users/pavani.jagu/.m2/repository/org/apache/poi/poi-scratchpad/4.1.0/poi-scratchpad-4.1.0.jar:/Users/pavani.jagu/.m2/repository/org/apache/maven/plugins/maven-surefire-plugin/3.0.0-M4/maven-surefire-plugin-3.0.0-M4.jar:/Users/pavani.jagu/.m2/repository/org/apache/maven/surefire/maven-surefire-common/3.0.0-M4/maven-surefire-common-3.0.0-M4.jar:/Users/pavani.jagu/.m2/repository/org/apache/maven/surefire/surefire-api/3.0.0-M4/surefire-api-3.0.0-M4.jar:/Users/pavani.jagu/.m2/repository/org/apache/maven/surefire/surefire-logger-api/3.0.0-M4/surefire-logger-api-3.0.0-M4.jar:/Users/pavani.jagu/.m2/repository/org/apache/maven/surefire/surefire-extensions-api/3.0.0-M4/surefire-extensions-api-3.0.0-M4.jar:/Users/pavani.jagu/.m2/repository/org/apache/maven/surefire/surefire-booter/3.0.0-M4/surefire-booter-3.0.0-M4.jar:/Users/pavani.jagu/.m2/repository/org/apache/maven/maven-toolchain/3.0-alpha-2/maven-toolchain-3.0-alpha-2.jar:/Users/pavani.jagu/.m2/repository/org/apache/maven/shared/maven-artifact-transfer/0.11.0/maven-artifact-transfer-0.11.0.jar:/Users/pavani.jagu/.m2/repository/org/apache/maven/shared/maven-common-artifact-filters/3.0.1/maven-common-artifact-filters-3.0.1.jar:/Users/pavani.jagu/.m2/repository/org/apache/maven/maven-model/3.0/maven-model-3.0.jar:/Users/pavani.jagu/.m2/repository/org/apache/maven/maven-plugin-api/3.0/maven-plugin-api-3.0.jar:/Users/pavani.jagu/.m2/repository/org/sonatype/sisu/sisu-inject-plexus/1.4.2/sisu-inject-plexus-1.4.2.jar:/Users/pavani.jagu/.m2/repository/org/codehaus/plexus/plexus-classworlds/2.2.3/plexus-classworlds-2.2.3.jar:/Users/pavani.jagu/.m2/repository/org/sonatype/sisu/sisu-inject-bean/1.4.2/sisu-inject-bean-1.4.2.jar:/Users/pavani.jagu/.m2/repository/org/sonatype/sisu/sisu-guice/2.1.7/sisu-guice-2.1.7-noaop.jar:/Users/pavani.jagu/.m2/repository/org/apache/maven/shared/maven-shared-utils/3.1.0/maven-shared-utils-3.1.0.jar:/Users/pavani.jagu/.m2/repository/commons-io/commons-io/2.5/commons-io-2.5.jar:/Users/pavani.jagu/.m2/repository/org/codehaus/plexus/plexus-java/1.0.3/plexus-java-1.0.3.jar:/Users/pavani.jagu/.m2/repository/org/ow2/asm/asm/7.0/asm-7.0.jar:/Users/pavani.jagu/.m2/repository/com/thoughtworks/qdox/qdox/2.0-M9/qdox-2.0-M9.jar:"/>
    <property name="java.vm.vendor" value="Oracle Corporation"/>
    <property name="sun.arch.data.model" value="64"/>
    <property name="java.vendor.url" value="http://java.oracle.com/"/>
    <property name="user.timezone" value=""/>
    <property name="java.vm.specification.version" value="1.8"/>
    <property name="os.name" value="Mac OS X"/>
    <property name="user.country" value="CL"/>
    <property name="sun.java.launcher" value="SUN_STANDARD"/>
    <property name="sun.boot.library.path" value="/Library/Java/JavaVirtualMachines/jdk1.8.0_231.jdk/Contents/Home/jre/lib"/>
    <property name="sun.java.command" value="/Users/pavani.jagu/eclipse-workspace/MarsAirlines/target/surefire/surefirebooter7703995603286648038.jar /Users/pavani.jagu/eclipse-workspace/MarsAirlines/target/surefire 2020-01-14T00-38-33_867-jvmRun1 surefire490799699873393020tmp surefire_03852174562473029488tmp"/>
    <property name="surefire.test.class.path" value="/Users/pavani.jagu/eclipse-workspace/MarsAirlines/target/test-classes:/Users/pavani.jagu/eclipse-workspace/MarsAirlines/target/classes:/Users/pavani.jagu/.m2/repository/junit/junit/4.11/junit-4.11.jar:/Users/pavani.jagu/.m2/repository/org/hamcrest/hamcrest-core/1.3/hamcrest-core-1.3.jar:/Users/pavani.jagu/.m2/repository/org/seleniumhq/selenium/selenium-java/3.141.59/selenium-java-3.141.59.jar:/Users/pavani.jagu/.m2/repository/org/seleniumhq/selenium/selenium-api/3.141.59/selenium-api-3.141.59.jar:/Users/pavani.jagu/.m2/repository/org/seleniumhq/selenium/selenium-chrome-driver/3.141.59/selenium-chrome-driver-3.141.59.jar:/Users/pavani.jagu/.m2/repository/org/seleniumhq/selenium/selenium-edge-driver/3.141.59/selenium-edge-driver-3.141.59.jar:/Users/pavani.jagu/.m2/repository/org/seleniumhq/selenium/selenium-firefox-driver/3.141.59/selenium-firefox-driver-3.141.59.jar:/Users/pavani.jagu/.m2/repository/org/seleniumhq/selenium/selenium-ie-driver/3.141.59/selenium-ie-driver-3.141.59.jar:/Users/pavani.jagu/.m2/repository/org/seleniumhq/selenium/selenium-opera-driver/3.141.59/selenium-opera-driver-3.141.59.jar:/Users/pavani.jagu/.m2/repository/org/seleniumhq/selenium/selenium-remote-driver/3.141.59/selenium-remote-driver-3.141.59.jar:/Users/pavani.jagu/.m2/repository/org/seleniumhq/selenium/selenium-safari-driver/3.141.59/selenium-safari-driver-3.141.59.jar:/Users/pavani.jagu/.m2/repository/org/seleniumhq/selenium/selenium-support/3.141.59/selenium-support-3.141.59.jar:/Users/pavani.jagu/.m2/repository/net/bytebuddy/byte-buddy/1.8.15/byte-buddy-1.8.15.jar:/Users/pavani.jagu/.m2/repository/org/apache/commons/commons-exec/1.3/commons-exec-1.3.jar:/Users/pavani.jagu/.m2/repository/com/google/guava/guava/25.0-jre/guava-25.0-jre.jar:/Users/pavani.jagu/.m2/repository/com/google/code/findbugs/jsr305/1.3.9/jsr305-1.3.9.jar:/Users/pavani.jagu/.m2/repository/org/checkerframework/checker-compat-qual/2.0.0/checker-compat-qual-2.0.0.jar:/Users/pavani.jagu/.m2/repository/com/google/errorprone/error_prone_annotations/2.1.3/error_prone_annotations-2.1.3.jar:/Users/pavani.jagu/.m2/repository/com/google/j2objc/j2objc-annotations/1.1/j2objc-annotations-1.1.jar:/Users/pavani.jagu/.m2/repository/org/codehaus/mojo/animal-sniffer-annotations/1.14/animal-sniffer-annotations-1.14.jar:/Users/pavani.jagu/.m2/repository/com/squareup/okhttp3/okhttp/3.11.0/okhttp-3.11.0.jar:/Users/pavani.jagu/.m2/repository/com/squareup/okio/okio/1.14.0/okio-1.14.0.jar:/Users/pavani.jagu/.m2/repository/org/testng/testng/6.14.3/testng-6.14.3.jar:/Users/pavani.jagu/.m2/repository/com/beust/jcommander/1.72/jcommander-1.72.jar:/Users/pavani.jagu/.m2/repository/org/apache-extras/beanshell/bsh/2.0b6/bsh-2.0b6.jar:/Users/pavani.jagu/.m2/repository/org/apache/poi/poi/4.1.1/poi-4.1.1.jar:/Users/pavani.jagu/.m2/repository/commons-codec/commons-codec/1.13/commons-codec-1.13.jar:/Users/pavani.jagu/.m2/repository/org/apache/commons/commons-collections4/4.4/commons-collections4-4.4.jar:/Users/pavani.jagu/.m2/repository/org/apache/commons/commons-math3/3.6.1/commons-math3-3.6.1.jar:/Users/pavani.jagu/.m2/repository/org/apache/poi/poi-ooxml/4.1.0/poi-ooxml-4.1.0.jar:/Users/pavani.jagu/.m2/repository/org/apache/commons/commons-compress/1.18/commons-compress-1.18.jar:/Users/pavani.jagu/.m2/repository/com/github/virtuald/curvesapi/1.06/curvesapi-1.06.jar:/Users/pavani.jagu/.m2/repository/org/apache/poi/poi-ooxml-schemas/4.1.0/poi-ooxml-schemas-4.1.0.jar:/Users/pavani.jagu/.m2/repository/org/apache/xmlbeans/xmlbeans/3.1.0/xmlbeans-3.1.0.jar:/Users/pavani.jagu/.m2/repository/org/apache/poi/poi-scratchpad/4.1.0/poi-scratchpad-4.1.0.jar:/Users/pavani.jagu/.m2/repository/org/apache/maven/plugins/maven-surefire-plugin/3.0.0-M4/maven-surefire-plugin-3.0.0-M4.jar:/Users/pavani.jagu/.m2/repository/org/apache/maven/surefire/maven-surefire-common/3.0.0-M4/maven-surefire-common-3.0.0-M4.jar:/Users/pavani.jagu/.m2/repository/org/apache/maven/surefire/surefire-api/3.0.0-M4/surefire-api-3.0.0-M4.jar:/Users/pavani.jagu/.m2/repository/org/apache/maven/surefire/surefire-logger-api/3.0.0-M4/surefire-logger-api-3.0.0-M4.jar:/Users/pavani.jagu/.m2/repository/org/apache/maven/surefire/surefire-extensions-api/3.0.0-M4/surefire-extensions-api-3.0.0-M4.jar:/Users/pavani.jagu/.m2/repository/org/apache/maven/surefire/surefire-booter/3.0.0-M4/surefire-booter-3.0.0-M4.jar:/Users/pavani.jagu/.m2/repository/org/apache/maven/maven-toolchain/3.0-alpha-2/maven-toolchain-3.0-alpha-2.jar:/Users/pavani.jagu/.m2/repository/org/apache/maven/shared/maven-artifact-transfer/0.11.0/maven-artifact-transfer-0.11.0.jar:/Users/pavani.jagu/.m2/repository/org/apache/maven/shared/maven-common-artifact-filters/3.0.1/maven-common-artifact-filters-3.0.1.jar:/Users/pavani.jagu/.m2/repository/org/apache/maven/maven-model/3.0/maven-model-3.0.jar:/Users/pavani.jagu/.m2/repository/org/apache/maven/maven-plugin-api/3.0/maven-plugin-api-3.0.jar:/Users/pavani.jagu/.m2/repository/org/sonatype/sisu/sisu-inject-plexus/1.4.2/sisu-inject-plexus-1.4.2.jar:/Users/pavani.jagu/.m2/repository/org/codehaus/plexus/plexus-classworlds/2.2.3/plexus-classworlds-2.2.3.jar:/Users/pavani.jagu/.m2/repository/org/sonatype/sisu/sisu-inject-bean/1.4.2/sisu-inject-bean-1.4.2.jar:/Users/pavani.jagu/.m2/repository/org/sonatype/sisu/sisu-guice/2.1.7/sisu-guice-2.1.7-noaop.jar:/Users/pavani.jagu/.m2/repository/org/apache/maven/shared/maven-shared-utils/3.1.0/maven-shared-utils-3.1.0.jar:/Users/pavani.jagu/.m2/repository/commons-io/commons-io/2.5/commons-io-2.5.jar:/Users/pavani.jagu/.m2/repository/org/codehaus/plexus/plexus-java/1.0.3/plexus-java-1.0.3.jar:/Users/pavani.jagu/.m2/repository/org/ow2/asm/asm/7.0/asm-7.0.jar:/Users/pavani.jagu/.m2/repository/com/thoughtworks/qdox/qdox/2.0-M9/qdox-2.0-M9.jar:"/>
    <property name="sun.cpu.endian" value="little"/>
    <property name="user.home" value="/Users/pavani.jagu"/>
    <property name="user.language" value="en"/>
    <property name="java.specification.vendor" value="Oracle Corporation"/>
    <property name="java.home" value="/Library/Java/JavaVirtualMachines/jdk1.8.0_231.jdk/Contents/Home/jre"/>
    <property name="basedir" value="/Users/pavani.jagu/eclipse-workspace/MarsAirlines"/>
    <property name="file.separator" value="/"/>
    <property name="line.separator" value="&#10;"/>
    <property name="java.vm.specification.vendor" value="Oracle Corporation"/>
    <property name="java.specification.name" value="Java Platform API Specification"/>
    <property name="java.awt.graphicsenv" value="sun.awt.CGraphicsEnvironment"/>
    <property name="surefire.real.class.path" value="/Users/pavani.jagu/eclipse-workspace/MarsAirlines/target/surefire/surefirebooter7703995603286648038.jar"/>
    <property name="sun.boot.class.path" value="/Library/Java/JavaVirtualMachines/jdk1.8.0_231.jdk/Contents/Home/jre/lib/resources.jar:/Library/Java/JavaVirtualMachines/jdk1.8.0_231.jdk/Contents/Home/jre/lib/rt.jar:/Library/Java/JavaVirtualMachines/jdk1.8.0_231.jdk/Contents/Home/jre/lib/sunrsasign.jar:/Library/Java/JavaVirtualMachines/jdk1.8.0_231.jdk/Contents/Home/jre/lib/jsse.jar:/Library/Java/JavaVirtualMachines/jdk1.8.0_231.jdk/Contents/Home/jre/lib/jce.jar:/Library/Java/JavaVirtualMachines/jdk1.8.0_231.jdk/Contents/Home/jre/lib/charsets.jar:/Library/Java/JavaVirtualMachines/jdk1.8.0_231.jdk/Contents/Home/jre/lib/jfr.jar:/Library/Java/JavaVirtualMachines/jdk1.8.0_231.jdk/Contents/Home/jre/classes"/>
    <property name="sun.management.compiler" value="HotSpot 64-Bit Tiered Compilers"/>
    <property name="java.runtime.version" value="1.8.0_231-b11"/>
    <property name="user.name" value="pavani.jagu"/>
    <property name="path.separator" value=":"/>
    <property name="os.version" value="10.14.6"/>
    <property name="java.endorsed.dirs" value="/Library/Java/JavaVirtualMachines/jdk1.8.0_231.jdk/Contents/Home/jre/lib/endorsed"/>
    <property name="java.runtime.name" value="Java(TM) SE Runtime Environment"/>
    <property name="file.encoding" value="UTF-8"/>
    <property name="java.vm.name" value="Java HotSpot(TM) 64-Bit Server VM"/>
    <property name="localRepository" value="/Users/pavani.jagu/.m2/repository"/>
    <property name="java.vendor.url.bug" value="http://bugreport.sun.com/bugreport/"/>
    <property name="java.io.tmpdir" value="/var/folders/ly/ydsc25ns4dvf06gw8rc8js613b8nst/T/"/>
    <property name="java.version" value="1.8.0_231"/>
    <property name="user.dir" value="/Users/pavani.jagu/eclipse-workspace/MarsAirlines"/>
    <property name="os.arch" value="x86_64"/>
    <property name="java.vm.specification.name" value="Java Virtual Machine Specification"/>
    <property name="java.awt.printerjob" value="sun.lwawt.macosx.CPrinterJob"/>
    <property name="sun.os.patch.level" value="unknown"/>
    <property name="java.library.path" value="/Users/pavani.jagu/Library/Java/Extensions:/Library/Java/Extensions:/Network/Library/Java/Extensions:/System/Library/Java/Extensions:/usr/lib/java:."/>
    <property name="java.vm.info" value="mixed mode"/>
    <property name="java.vendor" value="Oracle Corporation"/>
    <property name="java.vm.version" value="25.231-b11"/>
    <property name="java.ext.dirs" value="/Users/pavani.jagu/Library/Java/Extensions:/Library/Java/JavaVirtualMachines/jdk1.8.0_231.jdk/Contents/Home/jre/lib/ext:/Library/Java/Extensions:/Network/Library/Java/Extensions:/System/Library/Java/Extensions:/usr/lib/java"/>
    <property name="sun.io.unicode.encoding" value="UnicodeBig"/>
    <property name="java.class.version" value="52.0"/>
  </properties>
  <testcase name="setUP" classname="com.Airlines.qa.testCases.WelcomePageTest" time="0.24">
    <failure message="The driver executable does not exist: /Applications/chromedriver⁩" type="java.lang.IllegalStateException">java.lang.IllegalStateException: The driver executable does not exist: /Applications/chromedriver⁩
	at com.Airlines.qa.testCases.WelcomePageTest.setUP(WelcomePageTest.java:19)
</failure>
  </testcase>
  <testcase name="setUP" classname="com.Airlines.qa.testCases.WelcomePageTest" time="0">
    <skipped/>
  </testcase>
  <testcase name="setUP" classname="com.Airlines.qa.testCases.WelcomePageTest" time="0">
    <skipped/>
  </testcase>
  <testcase name="setUP" classname="com.Airlines.qa.testCases.WelcomePageTest" time="0">
    <skipped/>
  </testcase>
  <testcase name="setUP" classname="com.Airlines.qa.testCases.WelcomePageTest" time="0">
    <skipped/>
  </testcase>
  <testcase name="setUP" classname="com.Airlines.qa.testCases.WelcomePageTest" time="0">
    <skipped/>
  </testcase>
  <testcase name="setUP" classname="com.Airlines.qa.testCases.WelcomePageTest" time="0">
    <skipped/>
  </testcase>
  <testcase name="BookATicketmsgTest" classname="com.Airlines.qa.testCases.WelcomePageTest" time="0">
    <skipped message="The driver executable does not exist: /Applications/chromedriver⁩"/>
  </testcase>
  <testcase name="tearDown" classname="com.Airlines.qa.testCases.WelcomePageTest" time="0">
    <skipped/>
  </testcase>
  <testcase name="tearDown" classname="com.Airlines.qa.testCases.WelcomePageTest" time="0">
    <skipped/>
  </testcase>
  <testcase name="tearDown" classname="com.Airlines.qa.testCases.WelcomePageTest" time="0">
    <skipped/>
  </testcase>
  <testcase name="tearDown" classname="com.Airlines.qa.testCases.WelcomePageTest" time="0">
    <skipped/>
  </testcase>
  <testcase name="tearDown" classname="com.Airlines.qa.testCases.WelcomePageTest" time="0">
    <skipped/>
  </testcase>
  <testcase name="tearDown" classname="com.Airlines.qa.testCases.WelcomePageTest" time="0">
    <skipped/>
  </testcase>
  <testcase name="tearDown" classname="com.Airlines.qa.testCases.WelcomePageTest" time="0">
    <skipped/>
  </testcase>
  <testcase name="DepartingTextTest" classname="com.Airlines.qa.testCases.WelcomePageTest" time="0">
    <skipped message="The driver executable does not exist: /Applications/chromedriver⁩"/>
  </testcase>
  <testcase name="LoginPageTitleTest" classname="com.Airlines.qa.testCases.WelcomePageTest" time="0">
    <skipped message="The driver executable does not exist: /Applications/chromedriver⁩"/>
  </testcase>
  <testcase name="PromoCodeTest" classname="com.Airlines.qa.testCases.WelcomePageTest" time="0">
    <skipped message="The driver executable does not exist: /Applications/chromedriver⁩"/>
  </testcase>
  <testcase name="ReturningTextTest" classname="com.Airlines.qa.testCases.WelcomePageTest" time="0">
    <skipped message="The driver executable does not exist: /Applications/chromedriver⁩"/>
  </testcase>
  <testcase name="WelcomemsgTest" classname="com.Airlines.qa.testCases.WelcomePageTest" time="0">
    <skipped message="The driver executable does not exist: /Applications/chromedriver⁩"/>
  </testcase>
  <testcase name="marsLogoTest" classname="com.Airlines.qa.testCases.WelcomePageTest" time="0">
    <skipped message="The driver executable does not exist: /Applications/chromedriver⁩"/>
  </testcase>
</testsuite>